<?xml version="1.0" encoding="UTF-8"?>
<!-- Generated by org.testng.reporters.JUnitXMLReporter -->
<testsuite hostname="x-PC" name="Test" tests="2" failures="2" timestamp="14 May 2017 14:41:12 GMT" time="19.355" errors="0">
  <testcase name="f" time="1.26" classname="com.test.m2test.NewTest">
    <failure type="java.lang.AssertionError" message="expected [网页] but found [AcFun弹幕视频网 - 认真你就输啦 (・ω・)ノ- ( ゜- ゜)...官网
AcFun是一家弹幕视频网站,致力于为每一个人带来欢乐。... UP: 萝菽菽164511:506中国交通事故合集20170509:每天10分钟最新国内车祸实例,助你提高安全意识UP: 交通事故...
www.acfun.cn/  - 百度快照 - 396条评价
AcFun娱乐区
包含了当下最新,最欢乐的各类搞笑视频,及洗脑的鬼畜作品和各种综艺节目
AcFun番剧区
国内外优秀动漫视频,实时更新连载番剧的宅文化圣地!今天,你补番了吗?]">
      <![CDATA[java.lang.AssertionError: expected [网页] but found [AcFun弹幕视频网 - 认真你就输啦 (・ω・)ノ- ( ゜- ゜)...官网
AcFun是一家弹幕视频网站,致力于为每一个人带来欢乐。... UP: 萝菽菽164511:506中国交通事故合集20170509:每天10分钟最新国内车祸实例,助你提高安全意识UP: 交通事故...
www.acfun.cn/  - 百度快照 - 396条评价
AcFun娱乐区
包含了当下最新,最欢乐的各类搞笑视频,及洗脑的鬼畜作品和各种综艺节目
AcFun番剧区
国内外优秀动漫视频,实时更新连载番剧的宅文化圣地!今天,你补番了吗?]
	at com.test.m2test.NewTest.f(NewTest.java:29)
... Removed 30 stack frames]]>
    </failure>
  </testcase> <!-- f -->
  <testcase name="f" time="3.256" classname="com.test.m2test.NewTest">
    <failure type="java.lang.AssertionError" message="expected [网页] but found [哔哩哔哩 (゜-゜)つロ 干杯~-bilibili官网
bilibili是国内知名的视频弹幕网站,这里有最及时的动漫新番,最棒的ACG氛围,最有创意的Up主。大家可以在这里找到许多欢乐。
www.bilibili.com/  - 百度快照 - 2594条评价
国产动画时刻表
哔哩哔哩 正版国漫新番连载 每日更新 带给你最愉悦的观看享受
新番动画时刻表
哔哩哔哩 为你提供每日最新连载动画 最好看的新番
游戏视频
热门游戏视频抢先看 高手达人游戏攻略分享 国内最欢乐的游戏视频分享社区
纪录片
哔哩哔哩 提供海内外优质的记录片 海量资源 在线观看
哔哩哔哩手机客户端
使用客户端 高清更流畅，缓存省流量！还不快来试一试
哔哩哔哩直播
bilibili 直播让您拉进与小伙伴们之间的距离]">
      <![CDATA[java.lang.AssertionError: expected [网页] but found [哔哩哔哩 (゜-゜)つロ 干杯~-bilibili官网
bilibili是国内知名的视频弹幕网站,这里有最及时的动漫新番,最棒的ACG氛围,最有创意的Up主。大家可以在这里找到许多欢乐。
www.bilibili.com/  - 百度快照 - 2594条评价
国产动画时刻表
哔哩哔哩 正版国漫新番连载 每日更新 带给你最愉悦的观看享受
新番动画时刻表
哔哩哔哩 为你提供每日最新连载动画 最好看的新番
游戏视频
热门游戏视频抢先看 高手达人游戏攻略分享 国内最欢乐的游戏视频分享社区
纪录片
哔哩哔哩 提供海内外优质的记录片 海量资源 在线观看
哔哩哔哩手机客户端
使用客户端 高清更流畅，缓存省流量！还不快来试一试
哔哩哔哩直播
bilibili 直播让您拉进与小伙伴们之间的距离]
	at com.test.m2test.NewTest.f(NewTest.java:29)
... Removed 30 stack frames]]>
    </failure>
  </testcase> <!-- f -->
</testsuite> <!-- Test -->
